<?xml version="1.0" encoding="UTF-8"?>
<testng-results ignored="0" total="1" passed="1" failed="0" skipped="0">
  <reporter-output>
  </reporter-output>
  <suite started-at="2023-07-12T14:32:22 IST" name="Default suite" finished-at="2023-07-12T14:32:22 IST" duration-ms="47">
    <groups>
    </groups>
    <test started-at="2023-07-12T14:32:22 IST" name="Default test" finished-at="2023-07-12T14:32:22 IST" duration-ms="47">
      <class name="PracticeGitnJenkinProgram.Demo2">
        <test-method signature="m2()[pri:0, instance:PracticeGitnJenkinProgram.Demo2@614ca7df]" started-at="2023-07-12T14:32:22 IST" name="m2" finished-at="2023-07-12T14:32:22 IST" duration-ms="7" status="PASS">
          <reporter-output>
          </reporter-output>
        </test-method> <!-- m2 -->
      </class> <!-- PracticeGitnJenkinProgram.Demo2 -->
    </test> <!-- Default test -->
  </suite> <!-- Default suite -->
</testng-results>
